<?xml version="1.0" encoding="UTF-8"?>
<!-- Generated by org.testng.reporters.JUnitReportReporter -->
<testsuite hostname="DESKTOP-57LK1R2" failures="0" tests="1" name="Framework.ExtentReportsnew.EXTRENTR" time="14.634" errors="0" timestamp="2021-06-12T19:37:32 IST" skipped="0">
  <testcase classname="Framework.ExtentReportsnew.EXTRENTR" name="Demo" time="14.634"/>
  <system-out/>
</testsuite> <!-- Framework.ExtentReportsnew.EXTRENTR -->
